\BOOKMARK [0][-]{chapter.1}{\376\377\000R\000O\000S\166\204\127\372\147\054\147\266\147\204}{}% 1
\BOOKMARK [1][-]{section.1.1}{\376\377\145\164\117\123\147\266\147\204}{chapter.1}% 2
\BOOKMARK [1][-]{section.1.2}{\376\377\213\241\173\227\126\376\166\204\211\306\211\322}{chapter.1}% 3
\BOOKMARK [2][-]{subsection.1.2.1}{\376\377\202\202\160\271\000\040\000N\000o\000d\000e}{section.1.2}% 4
\BOOKMARK [2][-]{subsection.1.2.2}{\376\377\213\335\230\230\000\040\000T\000o\000p\000i\000c}{section.1.2}% 5
\BOOKMARK [2][-]{subsection.1.2.3}{\376\377\147\015\122\241\000\040\000S\000e\000r\000v\000i\000c\000e}{section.1.2}% 6
\BOOKMARK [2][-]{subsection.1.2.4}{\376\377\122\250\117\134\000\040\000A\000c\000t\000i\000o\000n}{section.1.2}% 7
\BOOKMARK [2][-]{subsection.1.2.5}{\376\377\202\202\160\271\173\241\164\006\126\150\000\040\000M\000a\000s\000t\000e\000r}{section.1.2}% 8
\BOOKMARK [1][-]{section.1.3}{\376\377\145\207\116\366\174\373\176\337}{chapter.1}% 9
\BOOKMARK [2][-]{subsection.1.3.1}{\376\377\122\237\200\375\123\005}{section.1.3}% 10
\BOOKMARK [1][-]{section.1.4}{\376\377\220\032\117\341\147\072\122\066}{chapter.1}% 11
\BOOKMARK [2][-]{subsection.1.4.1}{\376\377\213\335\230\230\220\032\117\341\147\072\122\066\040\024\040\024\000T\000o\000p\000i\000c}{section.1.4}% 12
\BOOKMARK [2][-]{subsection.1.4.2}{\376\377\147\015\122\241\220\032\117\341\147\072\122\066\040\024\040\024\000S\000e\000r\000v\000i\000c\000e}{section.1.4}% 13
\BOOKMARK [2][-]{subsection.1.4.3}{\376\377\122\250\117\134\220\032\117\341\147\072\122\066\040\024\040\024\000A\000c\000t\000i\000o\000n}{section.1.4}% 14
\BOOKMARK [2][-]{subsection.1.4.4}{\376\377\123\302\145\160\173\241\164\006\147\072\122\066\040\024\040\024\000P\000a\000r\000a\000m\000e\000t\000e\000r}{section.1.4}% 15
\BOOKMARK [0][-]{chapter.2}{\376\377\000R\000O\000S\127\372\170\100}{}% 16
\BOOKMARK [1][-]{section.2.1}{\376\377\000t\000u\000r\000t\000l\000e\000s\000i\000m\122\237\200\375\123\005}{chapter.2}% 17
\BOOKMARK [1][-]{section.2.2}{\376\377\122\033\136\372\135\345\117\134\172\172\225\364\124\214\122\237\200\375\123\005}{chapter.2}% 18
\BOOKMARK [2][-]{subsection.2.2.1}{\376\377\122\033\136\372\135\345\117\134\172\172\225\364}{section.2.2}% 19
\BOOKMARK [2][-]{subsection.2.2.2}{\376\377\122\033\136\372\122\237\200\375\123\005}{section.2.2}% 20
\BOOKMARK [1][-]{section.2.3}{\376\377\135\345\117\134\172\172\225\364\166\204\211\206\166\326}{chapter.2}% 21
\BOOKMARK [1][-]{section.2.4}{\376\377\000T\000o\000p\000i\000c\116\055\166\204\000P\000u\000b\000l\000i\000s\000h\000e\000r\124\214\000S\000u\000b\000s\000c\000r\000i\000b\000e\000r}{chapter.2}% 22
\BOOKMARK [2][-]{subsection.2.4.1}{\376\377\000P\000u\000b\000l\000i\000s\000h\000e\000r\166\204\122\033\136\372}{section.2.4}% 23
\BOOKMARK [2][-]{subsection.2.4.2}{\376\377\000S\000u\000b\000s\000c\000r\000i\000b\000e\000r\166\204\122\033\136\372}{section.2.4}% 24
\BOOKMARK [2][-]{subsection.2.4.3}{\376\377\201\352\133\232\116\111\213\335\230\230\155\210\140\157}{section.2.4}% 25
\BOOKMARK [2][-]{subsection.2.4.4}{\376\377\000C\000M\000a\000k\000e\000L\000i\000s\000t\000s\166\204\177\026\121\231}{section.2.4}% 26
\BOOKMARK [1][-]{section.2.5}{\376\377\000S\000e\000r\000v\000i\000c\000e\116\055\166\204\000C\000l\000i\000e\000n\000t\124\214\000S\000e\000r\000v\000e\000r}{chapter.2}% 27
\BOOKMARK [2][-]{subsection.2.5.1}{\376\377\122\033\136\372\000C\000l\000i\000e\000n\000t}{section.2.5}% 28
\BOOKMARK [2][-]{subsection.2.5.2}{\376\377\122\033\136\372\000S\000e\000r\000v\000e\000r}{section.2.5}% 29
\BOOKMARK [2][-]{subsection.2.5.3}{\376\377\201\352\133\232\116\111\147\015\122\241\145\160\143\156}{section.2.5}% 30
\BOOKMARK [2][-]{subsection.2.5.4}{\376\377\000C\000M\000a\000k\000e\000L\000i\000s\000t\000s\166\204\177\026\121\231}{section.2.5}% 31
\BOOKMARK [1][-]{section.2.6}{\376\377\000A\000c\000t\000i\000o\000n\116\055\166\204\000C\000l\000i\000e\000n\000t\124\214\000S\000e\000r\000v\000e\000r}{chapter.2}% 32
\BOOKMARK [2][-]{subsection.2.6.1}{\376\377\000C\000l\000i\000e\000n\000t\166\204\122\033\136\372}{section.2.6}% 33
\BOOKMARK [2][-]{subsection.2.6.2}{\376\377\000S\000e\000r\000v\000e\000r\166\204\122\033\136\372}{section.2.6}% 34
\BOOKMARK [2][-]{subsection.2.6.3}{\376\377\201\352\133\232\116\111\122\250\117\134\145\160\143\156}{section.2.6}% 35
\BOOKMARK [2][-]{subsection.2.6.4}{\376\377\000C\000M\000a\000k\000e\000L\000i\000s\000t\000s\166\204\177\026\121\231}{section.2.6}% 36
\BOOKMARK [1][-]{section.2.7}{\376\377\000R\000O\000S\116\055\166\204\124\175\124\015\172\172\225\364}{chapter.2}% 37
\BOOKMARK [2][-]{subsection.2.7.1}{\376\377\147\011\145\110\166\204\124\175\124\015}{section.2.7}% 38
\BOOKMARK [2][-]{subsection.2.7.2}{\376\377\124\175\124\015\211\343\147\220}{section.2.7}% 39
\BOOKMARK [2][-]{subsection.2.7.3}{\376\377\124\175\124\015\221\315\146\040\134\004}{section.2.7}% 40
\BOOKMARK [1][-]{section.2.8}{\376\377\131\032\147\072\220\032\117\341}{chapter.2}% 41
\BOOKMARK [0][-]{chapter.3}{\376\377\000R\000O\000S\116\055\166\204\136\070\165\050\176\304\116\366}{}% 42
\BOOKMARK [1][-]{section.3.1}{\376\377\000l\000a\000u\000n\000c\000h\145\207\116\366}{chapter.3}% 43
\BOOKMARK [2][-]{subsection.3.1.1}{\376\377\124\057\122\250\202\202\160\271}{section.3.1}% 44
\BOOKMARK [2][-]{subsection.3.1.2}{\376\377\174\373\176\337\123\302\145\160\213\276\177\156}{section.3.1}% 45
\BOOKMARK [2][-]{subsection.3.1.3}{\376\377\213\276\177\156\121\205\220\350\123\330\221\317}{section.3.1}% 46
\BOOKMARK [2][-]{subsection.3.1.4}{\376\377\221\315\146\040\134\004\147\072\122\066}{section.3.1}% 47
\BOOKMARK [2][-]{subsection.3.1.5}{\376\377\135\114\131\127\131\015\165\050}{section.3.1}% 48
\BOOKMARK [1][-]{section.3.2}{\376\377\000T\000F\127\120\150\007\123\330\143\142}{chapter.3}% 49
\BOOKMARK [2][-]{subsection.3.2.1}{\376\377\000T\000F\217\205\122\251\135\345\121\167}{section.3.2}% 50
\BOOKMARK [2][-]{subsection.3.2.2}{\376\377\000T\000F\116\055\166\204\000B\000o\000a\000r\000d\000c\000a\000s\000t\000e\000r\124\214\000L\000i\000s\000t\000e\000n\000e\000r}{section.3.2}% 51
\BOOKMARK [1][-]{section.3.3}{\376\377\000Q\000t\135\345\121\167\173\261}{chapter.3}% 52
\BOOKMARK [2][-]{subsection.3.3.1}{\376\377\145\345\137\327\217\223\121\372\135\345\121\167\000\040\000r\000q\000t\000\137\000c\000o\000n\000s\000i\000l\000e}{section.3.3}% 53
\BOOKMARK [2][-]{subsection.3.3.2}{\376\377\213\241\173\227\126\376\123\357\211\306\123\026\135\345\121\167\000\040\000r\000q\000t\000\137\000g\000r\000a\000p\000h}{section.3.3}% 54
\BOOKMARK [2][-]{subsection.3.3.3}{\376\377\145\160\143\156\176\330\122\066\135\345\121\167\000\040\000r\000q\000t\000\137\000p\000l\000o\000t}{section.3.3}% 55
\BOOKMARK [2][-]{subsection.3.3.4}{\376\377\123\302\145\160\122\250\140\001\221\115\177\156\135\345\121\167\000\040\000r\000q\000t\000\137\000r\000e\000c\000o\000n\000f\000i\000g\000u\000r\000e}{section.3.3}% 56
\BOOKMARK [1][-]{section.3.4}{\376\377\000r\000v\000i\000z\116\011\176\364\123\357\211\306\123\026\136\163\123\360}{chapter.3}% 57
\BOOKMARK [1][-]{section.3.5}{\376\377\000G\000a\000z\000e\000b\000o\116\377\167\037\163\257\130\203}{chapter.3}% 58
\BOOKMARK [1][-]{section.3.6}{\376\377\000r\000o\000s\000b\000a\000g\145\160\143\156\213\260\137\125\116\016\126\336\145\076}{chapter.3}% 59
\BOOKMARK [2][-]{subsection.3.6.1}{\376\377\213\260\137\125\145\160\143\156}{section.3.6}% 60
\BOOKMARK [2][-]{subsection.3.6.2}{\376\377\126\336\145\076\145\160\143\156}{section.3.6}% 61
\BOOKMARK [0][-]{chapter.4}{\376\377\147\072\126\150\116\272\166\204\136\372\152\041\116\016\116\377\167\037}{}% 62
\BOOKMARK [1][-]{section.4.1}{\376\377\000U\000R\000D\000F\145\207\116\366}{chapter.4}% 63
\BOOKMARK [2][-]{subsection.4.1.1}{\376\377\000<\000l\000i\000n\000k\000>\150\007\173\176}{section.4.1}% 64
\BOOKMARK [2][-]{subsection.4.1.2}{\376\377\000<\000j\000o\000i\000n\000t\000>\150\007\173\176}{section.4.1}% 65
\BOOKMARK [2][-]{subsection.4.1.3}{\376\377\000<\000r\000o\000b\000o\000t\000>\150\007\173\176}{section.4.1}% 66
\BOOKMARK [2][-]{subsection.4.1.4}{\376\377\000<\000g\000a\000z\000e\000b\000o\000>\150\007\173\176}{section.4.1}% 67
\BOOKMARK [1][-]{section.4.2}{\376\377\122\033\136\372\000U\000R\000D\000F\152\041\127\213}{chapter.4}% 68
\BOOKMARK [2][-]{subsection.4.2.1}{\376\377\122\033\136\372\122\237\200\375\123\005}{section.4.2}% 69
\BOOKMARK [2][-]{subsection.4.2.2}{\376\377\000U\000R\000D\000F\152\041\127\213\116\343\170\001}{section.4.2}% 70
\BOOKMARK [1][-]{section.4.3}{\376\377\117\177\165\050\000x\000a\000c\000r\000o\117\030\123\026\000U\000R\000D\000F\152\041\127\213}{chapter.4}% 71
\BOOKMARK [2][-]{subsection.4.3.1}{\376\377\000x\000a\000c\000r\000o\166\204\116\011\116\052\147\072\122\066}{section.4.3}% 72
\BOOKMARK [2][-]{subsection.4.3.2}{\376\377\137\025\165\050\000x\000a\000c\000r\000o\145\207\116\366}{section.4.3}% 73
\BOOKMARK [2][-]{subsection.4.3.3}{\376\377\146\076\171\072\000x\000a\000c\000r\000o\117\030\123\026\124\016\166\204\152\041\127\213}{section.4.3}% 74
\BOOKMARK [1][-]{section.4.4}{\376\377\155\373\122\240\117\040\141\037\126\150\152\041\127\213}{chapter.4}% 75
\BOOKMARK [1][-]{section.4.5}{\376\377\127\372\116\216\000A\000r\000b\000o\000t\000i\000X\124\214\000r\000v\000i\000z\166\204\116\377\167\037\126\150}{chapter.4}% 76
\BOOKMARK [2][-]{subsection.4.5.1}{\376\377\127\050\000R\000O\000S\000-\000m\000e\000l\000o\000d\000i\000c\116\055\133\211\210\305\000A\000r\000b\000o\000t\000i\000X}{section.4.5}% 77
\BOOKMARK [2][-]{subsection.4.5.2}{\376\377\221\115\177\156\000A\000r\000b\000o\000t\000i\000X\143\247\122\066\126\150}{section.4.5}% 78
\BOOKMARK [2][-]{subsection.4.5.3}{\376\377\217\320\210\114\116\377\167\037}{section.4.5}% 79
\BOOKMARK [1][-]{section.4.6}{\376\377\000r\000o\000s\000\137\000c\000o\000n\000t\000r\000o\000l}{chapter.4}% 80
\BOOKMARK [2][-]{subsection.4.6.1}{\376\377\000r\000o\000s\000\137\000c\000o\000n\000t\000r\000o\000l\166\204\150\106\147\266}{section.4.6}% 81
\BOOKMARK [2][-]{subsection.4.6.2}{\376\377\143\247\122\066\126\150}{section.4.6}% 82
\BOOKMARK [2][-]{subsection.4.6.3}{\376\377\170\154\116\366\143\245\123\343}{section.4.6}% 83
\BOOKMARK [2][-]{subsection.4.6.4}{\376\377\117\040\122\250\174\373\176\337}{section.4.6}% 84
\BOOKMARK [2][-]{subsection.4.6.5}{\376\377\121\163\202\202\176\246\147\137}{section.4.6}% 85
\BOOKMARK [2][-]{subsection.4.6.6}{\376\377\143\247\122\066\126\150\173\241\164\006\126\150}{section.4.6}% 86
\BOOKMARK [1][-]{section.4.7}{\376\377\000G\000a\000z\000e\000b\000o\116\377\167\037}{chapter.4}% 87
\BOOKMARK [2][-]{subsection.4.7.1}{\376\377\221\115\177\156\147\072\126\150\116\272\152\041\127\213}{section.4.7}% 88
\BOOKMARK [2][-]{subsection.4.7.2}{\376\377\146\076\171\072\147\072\126\150\116\272\152\041\127\213}{section.4.7}% 89
\BOOKMARK [2][-]{subsection.4.7.3}{\376\377\144\104\120\317\131\064\116\377\167\037}{section.4.7}% 90
\BOOKMARK [2][-]{subsection.4.7.4}{\376\377\000K\000i\000n\000e\000c\000t\116\377\167\037}{section.4.7}% 91
\BOOKMARK [2][-]{subsection.4.7.5}{\376\377\157\300\121\111\226\367\217\276\116\377\167\037}{section.4.7}% 92
\BOOKMARK [0][-]{chapter.5}{\376\377\147\072\126\150\116\272\000S\000L\000A\000M\116\016\201\352\116\073\133\374\202\052}{}% 93
\BOOKMARK [1][-]{section.5.1}{\376\377\121\306\131\007\135\345\117\134}{chapter.5}% 94
\BOOKMARK [2][-]{subsection.5.1.1}{\376\377\147\072\126\150\116\272\211\201\154\102}{section.5.1}% 95
\BOOKMARK [2][-]{subsection.5.1.2}{\376\377\117\040\141\037\126\150\117\341\140\157}{section.5.1}% 96
\BOOKMARK [1][-]{section.5.2}{\376\377\000g\000m\000a\000p\000p\000i\000n\000g}{chapter.5}% 97
\BOOKMARK [2][-]{subsection.5.2.1}{\376\377\000g\000m\000a\000p\000p\000i\000n\000g\122\237\200\375\123\005\116\313\176\315}{section.5.2}% 98
\BOOKMARK [2][-]{subsection.5.2.2}{\376\377\000g\000m\000a\000p\000p\000i\000n\000g\202\202\160\271\221\115\177\156\116\016\217\320\210\114}{section.5.2}% 99
\BOOKMARK [2][-]{subsection.5.2.3}{\376\377\127\050\000G\000a\000z\000e\000b\000o\116\055\116\377\167\037\000S\000L\000A\000M\000\050\000g\000m\000a\000p\000p\000i\000n\000g\000\051}{section.5.2}% 100
\BOOKMARK [1][-]{section.5.3}{\376\377\000h\000e\000c\000t\000o\000r\000-\000s\000l\000a\000m}{chapter.5}% 101
\BOOKMARK [1][-]{section.5.4}{\376\377\000c\000a\000r\000t\000o\000g\000r\000a\000p\000h\000e\000r}{chapter.5}% 102
\BOOKMARK [1][-]{section.5.5}{\376\377\000r\000g\000b\000d\000s\000l\000a\000m}{chapter.5}% 103
\BOOKMARK [1][-]{section.5.6}{\376\377\000O\000R\000B\000\137\000S\000L\000A\000M}{chapter.5}% 104
\BOOKMARK [1][-]{section.5.7}{\376\377\133\374\202\052\122\237\200\375\123\005}{chapter.5}% 105
\BOOKMARK [2][-]{subsection.5.7.1}{\376\377\133\374\202\052\150\106\147\266}{section.5.7}% 106
\BOOKMARK [2][-]{subsection.5.7.2}{\376\377\000m\000o\000v\000e\000\137\000b\000a\000s\000e\122\237\200\375\123\005}{section.5.7}% 107
\BOOKMARK [2][-]{subsection.5.7.3}{\376\377\000a\000m\000c\000l\122\237\200\375\123\005}{section.5.7}% 108
\BOOKMARK [2][-]{subsection.5.7.4}{\376\377\116\343\116\367\127\060\126\376\166\204\221\115\177\156}{section.5.7}% 109
\BOOKMARK [2][-]{subsection.5.7.5}{\376\377\147\054\127\060\211\304\122\022\126\150\221\115\177\156}{section.5.7}% 110
\BOOKMARK [0][-]{chapter.6}{\376\377\000N\000a\000v\000i\000g\000a\000t\000i\000o\000n\213\346\176\306\133\146\116\140}{}% 111
\BOOKMARK [1][-]{section.6.1}{\376\377\116\011\176\364\172\172\225\364\116\055\166\204\122\032\117\123\217\320\122\250\000\050\127\372\170\100\167\345\213\306\210\145\121\105\000\051}{chapter.6}% 112
\BOOKMARK [2][-]{subsection.6.1.1}{\376\377\124\021\221\317}{section.6.1}% 113
\BOOKMARK [2][-]{subsection.6.1.2}{\376\377\153\047\137\017\123\330\143\142}{section.6.1}% 114
\BOOKMARK [2][-]{subsection.6.1.3}{\376\377\145\313\217\154\167\351\226\065}{section.6.1}% 115
\BOOKMARK [2][-]{subsection.6.1.4}{\376\377\123\330\143\142\167\351\226\065\116\016\237\120\153\041\127\120\150\007}{section.6.1}% 116
\BOOKMARK [2][-]{subsection.6.1.5}{\376\377\145\313\217\154\124\021\221\317}{section.6.1}% 117
\BOOKMARK [2][-]{subsection.6.1.6}{\376\377\153\047\142\311\211\322}{section.6.1}% 118
\BOOKMARK [2][-]{subsection.6.1.7}{\376\377\126\333\121\103\145\160}{section.6.1}% 119
\BOOKMARK [2][-]{subsection.6.1.8}{\376\377\126\333\121\103\145\160\166\204\217\320\173\227}{section.6.1}% 120
\BOOKMARK [1][-]{section.6.2}{\376\377\000m\000o\000v\000e\000\137\000b\000a\000s\000e\156\220\170\001\133\146\116\140}{chapter.6}% 121
\BOOKMARK [2][-]{subsection.6.2.1}{\376\377\156\220\170\001\166\370\121\163\145\207\116\366}{section.6.2}% 122
\BOOKMARK [2][-]{subsection.6.2.2}{\376\377\145\164\117\123\176\323\147\204\126\376}{section.6.2}% 123
\BOOKMARK [2][-]{subsection.6.2.3}{\376\377\000m\000o\000v\000e\000\137\000b\000a\000s\000e\000\137\000n\000o\000d\000e\000.\000c\000p\000p}{section.6.2}% 124
\BOOKMARK [2][-]{subsection.6.2.4}{\376\377\000m\000o\000v\000e\000\137\000b\000a\000s\000e\000.\000c\000p\000p}{section.6.2}% 125
\BOOKMARK [1][-]{section.6.3}{\376\377\000n\000a\000v\000f\000n\156\220\170\001\133\146\116\140}{chapter.6}% 126
\BOOKMARK [2][-]{subsection.6.3.1}{\376\377\000D\000i\000j\000k\000s\000t\000r\000a\173\227\154\325\123\237\164\006}{section.6.3}% 127
\BOOKMARK [2][-]{subsection.6.3.2}{\376\377\156\220\170\001\166\370\121\163\145\207\116\366}{section.6.3}% 128
\BOOKMARK [2][-]{subsection.6.3.3}{\376\377\145\164\117\123\176\323\147\204\126\376}{section.6.3}% 129
\BOOKMARK [2][-]{subsection.6.3.4}{\376\377\000n\000a\000v\000f\000n\000\137\000r\000o\000s\000.\000c\000p\000p}{section.6.3}% 130
\BOOKMARK [2][-]{subsection.6.3.5}{\376\377\000n\000a\000v\000f\000n\000.\000c\000p\000p}{section.6.3}% 131
\BOOKMARK [1][-]{section.6.4}{\376\377\000g\000l\000o\000b\000a\000l\000\137\000p\000l\000a\000n\000n\000e\000r\156\220\170\001\133\146\116\140}{chapter.6}% 132
\BOOKMARK [2][-]{subsection.6.4.1}{\376\377\000A\000*\173\227\154\325\123\237\164\006}{section.6.4}% 133
\BOOKMARK [2][-]{subsection.6.4.2}{\376\377\156\220\170\001\166\370\121\163\145\207\116\366}{section.6.4}% 134
\BOOKMARK [2][-]{subsection.6.4.3}{\376\377\145\164\117\123\176\323\147\204\126\376}{section.6.4}% 135
\BOOKMARK [2][-]{subsection.6.4.4}{\376\377\123\302\145\160\221\115\177\156}{section.6.4}% 136
\BOOKMARK [1][-]{section.6.5}{\376\377\000p\000l\000a\000n\000\137\000n\000o\000d\000e\000.\000c\000p\000p}{chapter.6}% 137
\BOOKMARK [2][-]{subsection.6.5.1}{\376\377\000p\000l\000a\000n\000n\000e\000r\000\137\000c\000o\000r\000e\000.\000c\000p\000p}{section.6.5}% 138
\BOOKMARK [2][-]{subsection.6.5.2}{\376\377\000a\000s\000t\000e\000r\000.\000c\000p\000p}{section.6.5}% 139
\BOOKMARK [2][-]{subsection.6.5.3}{\376\377\000g\000r\000i\000d\000\137\000p\000a\000t\000h\000.\000c\000p\000p}{section.6.5}% 140
\BOOKMARK [2][-]{subsection.6.5.4}{\376\377\000g\000r\000a\000d\000i\000e\000n\000t\000\137\000p\000a\000t\000h\000.\000c\000p\000p}{section.6.5}% 141
\BOOKMARK [2][-]{subsection.6.5.5}{\376\377\000p\000o\000t\000e\000n\000t\000i\000a\000l\000\137\000c\000a\000l\000c\000u\000l\000a\000t\000o\000r\000.\000h}{section.6.5}% 142
\BOOKMARK [2][-]{subsection.6.5.6}{\376\377\000q\000u\000a\000d\000r\000a\000t\000i\000c\000\137\000c\000a\000l\000c\000u\000l\000a\000t\000o\000r\000.\000c\000p\000p}{section.6.5}% 143
\BOOKMARK [2][-]{subsection.6.5.7}{\376\377\000e\000x\000p\000a\000n\000d\000e\000r\000.\000h}{section.6.5}% 144
\BOOKMARK [2][-]{subsection.6.5.8}{\376\377\000t\000r\000a\000c\000e\000b\000a\000c\000k\000.\000h}{section.6.5}% 145
\BOOKMARK [1][-]{section.6.6}{\376\377\000a\000m\000c\000l\156\220\170\001\133\146\116\140}{chapter.6}% 146
