This is XeTeX, Version 3.141592653-2.6-0.999993 (TeX Live 2021/W32TeX) (preloaded format=xelatex 2021.10.4)  14 DEC 2021 01:04
entering extended mode
 restricted \write18 enabled.
 file:line:error style messages enabled.
 %&-line parsing enabled.
**ROS_Notes
(./ROS_Notes.tex
LaTeX2e <2020-10-01> patch level 4
L3 programming layer <2021-02-18> (e:/Software/Latex/install/texlive/2021/texmf-dist/tex/latex/base/book.cls
Document Class: book 2020/04/10 v1.4m Standard LaTeX document class
(e:/Software/Latex/install/texlive/2021/texmf-dist/tex/latex/base/bk10.clo
File: bk10.clo 2020/04/10 v1.4m Standard LaTeX file (size option)
)
\c@part=\count175
\c@chapter=\count176
\c@section=\count177
\c@subsection=\count178
\c@subsubsection=\count179
\c@paragraph=\count180
\c@subparagraph=\count181
\c@figure=\count182
\c@table=\count183
\abovecaptionskip=\skip47
\belowcaptionskip=\skip48
\bibindent=\dimen138
) (e:/Software/Latex/install/texlive/2021/texmf-dist/tex/xelatex/xecjk/xeCJK.sty (e:/Software/Latex/install/texlive/2021/texmf-dist/tex/latex/l3kernel/expl3.sty
Package: expl3 2021-02-18 L3 programming layer (loader) 
 (e:/Software/Latex/install/texlive/2021/texmf-dist/tex/latex/l3backend/l3backend-xetex.def
File: l3backend-xetex.def 2021-03-18 L3 backend support: XeTeX
 (|extractbb --version)
\c__kernel_sys_dvipdfmx_version_int=\count184
\l__color_backend_stack_int=\count185
\g__color_backend_stack_int=\count186
\g__graphics_track_int=\count187
\l__pdf_internal_box=\box47
\g__pdf_backend_object_int=\count188
\g__pdf_backend_annotation_int=\count189
\g__pdf_backend_link_int=\count190
))
Package: xeCJK 2020/10/19 v3.8.6 Typesetting CJK scripts with XeLaTeX
 (e:/Software/Latex/install/texlive/2021/texmf-dist/tex/latex/l3packages/l3keys2e/l3keys2e.sty
Package: l3keys2e 2021-03-12 LaTeX2e option processing using LaTeX3 keys
) (e:/Software/Latex/install/texlive/2021/texmf-dist/tex/latex/l3packages/xtemplate/xtemplate.sty
Package: xtemplate 2021-03-12 L3 Experimental prototype document functions
\l__xtemplate_tmp_dim=\dimen139
\l__xtemplate_tmp_int=\count191
\l__xtemplate_tmp_muskip=\muskip16
\l__xtemplate_tmp_skip=\skip49
) (e:/Software/Latex/install/texlive/2021/texmf-dist/tex/latex/l3packages/xparse/xparse.sty (e:/Software/Latex/install/texlive/2021/texmf-dist/tex/latex/l3packages/xparse/xparse-2020-10-01.sty (e:/Software/Latex/install/texlive/2021/texmf-dist/tex/latex/l3packages/xparse/xparse-generic.tex)))
\l__xeCJK_tmp_int=\count192
\l__xeCJK_tmp_box=\box48
\l__xeCJK_tmp_dim=\dimen140
\l__xeCJK_tmp_skip=\skip50
 (e:/Software/Latex/install/texlive/2021/texmf-dist/tex/latex/ctex/ctexhook.sty
Package: ctexhook 2021/03/14 v2.5.6 Document and package hooks (CTEX)
)
\g__xeCJK_space_factor_int=\count193
\l__xeCJK_begin_int=\count194
\l__xeCJK_end_int=\count195
\c__xeCJK_CJK_class_int=\XeTeXcharclass1
\c__xeCJK_FullLeft_class_int=\XeTeXcharclass2
\c__xeCJK_FullRight_class_int=\XeTeXcharclass3
\c__xeCJK_HalfLeft_class_int=\XeTeXcharclass4
\c__xeCJK_HalfRight_class_int=\XeTeXcharclass5
\c__xeCJK_NormalSpace_class_int=\XeTeXcharclass6
\c__xeCJK_CM_class_int=\XeTeXcharclass7
\c__xeCJK_HangulJamo_class_int=\XeTeXcharclass8
\l__xeCJK_last_skip=\skip51
\g__xeCJK_node_int=\count196
\c__xeCJK_CJK_node_dim=\dimen141
\c__xeCJK_CJK-space_node_dim=\dimen142
\c__xeCJK_default_node_dim=\dimen143
\c__xeCJK_default-space_node_dim=\dimen144
\c__xeCJK_CJK-widow_node_dim=\dimen145
\c__xeCJK_normalspace_node_dim=\dimen146
\l__xeCJK_ccglue_skip=\skip52
\l__xeCJK_ecglue_skip=\skip53
\l__xeCJK_punct_kern_skip=\skip54
\l__xeCJK_last_penalty_int=\count197
\l__xeCJK_last_bound_dim=\dimen147
\l__xeCJK_last_kern_dim=\dimen148
\l__xeCJK_widow_penalty_int=\count198

Package xtemplate Info: Declaring object type 'xeCJK/punctuation' taking 0
(xtemplate)             argument(s) on line 2341.

\l__xeCJK_fixed_punct_width_dim=\dimen149
\l__xeCJK_mixed_punct_width_dim=\dimen150
\l__xeCJK_middle_punct_width_dim=\dimen151
\l__xeCJK_fixed_margin_width_dim=\dimen152
\l__xeCJK_mixed_margin_width_dim=\dimen153
\l__xeCJK_middle_margin_width_dim=\dimen154
\l__xeCJK_bound_punct_width_dim=\dimen155
\l__xeCJK_bound_margin_width_dim=\dimen156
\l__xeCJK_margin_minimum_dim=\dimen157
\l__xeCJK_kerning_total_width_dim=\dimen158
\l__xeCJK_same_align_margin_dim=\dimen159
\l__xeCJK_different_align_margin_dim=\dimen160
\l__xeCJK_kerning_margin_width_dim=\dimen161
\l__xeCJK_kerning_margin_minimum_dim=\dimen162
\l__xeCJK_bound_dim=\dimen163
\l__xeCJK_reverse_bound_dim=\dimen164
\l__xeCJK_margin_dim=\dimen165
\l__xeCJK_minimum_bound_dim=\dimen166
\l__xeCJK_kerning_margin_dim=\dimen167
\g__xeCJK_family_int=\count199
\l__xeCJK_fam_int=\count266
\g__xeCJK_fam_allocation_int=\count267
\l__xeCJK_verb_case_int=\count268
\l__xeCJK_verb_exspace_skip=\skip55
 (e:/Software/Latex/install/texlive/2021/texmf-dist/tex/latex/fontspec/fontspec.sty
Package: fontspec 2020/02/21 v2.7i Font selection for XeLaTeX and LuaLaTeX
 (e:/Software/Latex/install/texlive/2021/texmf-dist/tex/latex/fontspec/fontspec-xetex.sty
Package: fontspec-xetex 2020/02/21 v2.7i Font selection for XeLaTeX and LuaLaTeX
\l__fontspec_script_int=\count269
\l__fontspec_language_int=\count270
\l__fontspec_strnum_int=\count271
\l__fontspec_tmp_int=\count272
\l__fontspec_tmpa_int=\count273
\l__fontspec_tmpb_int=\count274
\l__fontspec_tmpc_int=\count275
\l__fontspec_em_int=\count276
\l__fontspec_emdef_int=\count277
\l__fontspec_strong_int=\count278
\l__fontspec_strongdef_int=\count279
\l__fontspec_tmpa_dim=\dimen168
\l__fontspec_tmpb_dim=\dimen169
\l__fontspec_tmpc_dim=\dimen170
 (e:/Software/Latex/install/texlive/2021/texmf-dist/tex/latex/base/fontenc.sty
Package: fontenc 2020/08/10 v2.0s Standard LaTeX package
) (e:/Software/Latex/install/texlive/2021/texmf-dist/tex/latex/fontspec/fontspec.cfg))) (e:/Software/Latex/install/texlive/2021/texmf-dist/tex/xelatex/xecjk/xeCJK.cfg
File: xeCJK.cfg 2020/10/19 v3.8.6 Configuration file for xeCJK package
)) (e:/Software/Latex/install/texlive/2021/texmf-dist/tex/latex/amsmath/amsmath.sty
Package: amsmath 2020/09/23 v2.17i AMS math features
\@mathmargin=\skip56

For additional information on amsmath, use the `?' option.
(e:/Software/Latex/install/texlive/2021/texmf-dist/tex/latex/amsmath/amstext.sty
Package: amstext 2000/06/29 v2.01 AMS text
 (e:/Software/Latex/install/texlive/2021/texmf-dist/tex/latex/amsmath/amsgen.sty
File: amsgen.sty 1999/11/30 v2.0 generic functions
\@emptytoks=\toks15
\ex@=\dimen171
)) (e:/Software/Latex/install/texlive/2021/texmf-dist/tex/latex/amsmath/amsbsy.sty
Package: amsbsy 1999/11/29 v1.2d Bold Symbols
\pmbraise@=\dimen172
) (e:/Software/Latex/install/texlive/2021/texmf-dist/tex/latex/amsmath/amsopn.sty
Package: amsopn 2016/03/08 v2.02 operator names
)
\inf@bad=\count280
LaTeX Info: Redefining \frac on input line 234.
\uproot@=\count281
\leftroot@=\count282
LaTeX Info: Redefining \overline on input line 399.
\classnum@=\count283
\DOTSCASE@=\count284
LaTeX Info: Redefining \ldots on input line 496.
LaTeX Info: Redefining \dots on input line 499.
LaTeX Info: Redefining \cdots on input line 620.
\Mathstrutbox@=\box49
\strutbox@=\box50
\big@size=\dimen173
LaTeX Font Info:    Redeclaring font encoding OML on input line 743.
LaTeX Font Info:    Redeclaring font encoding OMS on input line 744.
\macc@depth=\count285
\c@MaxMatrixCols=\count286
\dotsspace@=\muskip17
\c@parentequation=\count287
\dspbrk@lvl=\count288
\tag@help=\toks16
\row@=\count289
\column@=\count290
\maxfields@=\count291
\andhelp@=\toks17
\eqnshift@=\dimen174
\alignsep@=\dimen175
\tagshift@=\dimen176
\tagwidth@=\dimen177
\totwidth@=\dimen178
\lineht@=\dimen179
\@envbody=\toks18
\multlinegap=\skip57
\multlinetaggap=\skip58
\mathdisplay@stack=\toks19
LaTeX Info: Redefining \[ on input line 2923.
LaTeX Info: Redefining \] on input line 2924.
) (e:/Software/Latex/install/texlive/2021/texmf-dist/tex/latex/amscls/amsthm.sty
Package: amsthm 2020/05/29 v2.20.6
\thm@style=\toks20
\thm@bodyfont=\toks21
\thm@headfont=\toks22
\thm@notefont=\toks23
\thm@headpunct=\toks24
\thm@preskip=\skip59
\thm@postskip=\skip60
\thm@headsep=\skip61
\dth@everypar=\toks25
) (e:/Software/Latex/install/texlive/2021/texmf-dist/tex/latex/amsfonts/amssymb.sty
Package: amssymb 2013/01/14 v3.01 AMS font symbols
 (e:/Software/Latex/install/texlive/2021/texmf-dist/tex/latex/amsfonts/amsfonts.sty
Package: amsfonts 2013/01/14 v3.01 Basic AMSFonts support
\symAMSa=\mathgroup4
\symAMSb=\mathgroup5
LaTeX Font Info:    Redeclaring math symbol \hbar on input line 98.
LaTeX Font Info:    Overwriting math alphabet `\mathfrak' in version `bold'
(Font)                  U/euf/m/n --> U/euf/b/n on input line 106.
)) (e:/Software/Latex/install/texlive/2021/texmf-dist/tex/latex/tools/bm.sty
Package: bm 2019/07/24 v1.2d Bold Symbol Support (DPC/FMi)
\symboldoperators=\mathgroup6
\symboldletters=\mathgroup7
\symboldsymbols=\mathgroup8
LaTeX Font Info:    Redeclaring math alphabet \mathbf on input line 141.
LaTeX Info: Redefining \bm on input line 209.
) (e:/Software/Latex/install/texlive/2021/texmf-dist/tex/latex/graphics/graphicx.sty
Package: graphicx 2020/09/09 v1.2b Enhanced LaTeX Graphics (DPC,SPQR)
 (e:/Software/Latex/install/texlive/2021/texmf-dist/tex/latex/graphics/keyval.sty
Package: keyval 2014/10/28 v1.15 key=value parser (DPC)
\KV@toks@=\toks26
) (e:/Software/Latex/install/texlive/2021/texmf-dist/tex/latex/graphics/graphics.sty
Package: graphics 2020/08/30 v1.4c Standard LaTeX Graphics (DPC,SPQR)
 (e:/Software/Latex/install/texlive/2021/texmf-dist/tex/latex/graphics/trig.sty
Package: trig 2016/01/03 v1.10 sin cos tan (DPC)
) (e:/Software/Latex/install/texlive/2021/texmf-dist/tex/latex/graphics-cfg/graphics.cfg
File: graphics.cfg 2016/06/04 v1.11 sample graphics configuration
)
Package graphics Info: Driver file: xetex.def on input line 105.
 (e:/Software/Latex/install/texlive/2021/texmf-dist/tex/latex/graphics-def/xetex.def
File: xetex.def 2021/03/18 v5.0k Graphics/color driver for xetex
))
\Gin@req@height=\dimen180
\Gin@req@width=\dimen181
) (e:/Software/Latex/install/texlive/2021/texmf-dist/tex/latex/hyperref/hyperref.sty
Package: hyperref 2021-02-27 v7.00k Hypertext links for LaTeX
 (e:/Software/Latex/install/texlive/2021/texmf-dist/tex/generic/ltxcmds/ltxcmds.sty
Package: ltxcmds 2020-05-10 v1.25 LaTeX kernel commands for general use (HO)
) (e:/Software/Latex/install/texlive/2021/texmf-dist/tex/generic/iftex/iftex.sty
Package: iftex 2020/03/06 v1.0d TeX engine tests
) (e:/Software/Latex/install/texlive/2021/texmf-dist/tex/generic/pdftexcmds/pdftexcmds.sty
Package: pdftexcmds 2020-06-27 v0.33 Utility functions of pdfTeX for LuaTeX (HO)
 (e:/Software/Latex/install/texlive/2021/texmf-dist/tex/generic/infwarerr/infwarerr.sty
Package: infwarerr 2019/12/03 v1.5 Providing info/warning/error messages (HO)
)
Package pdftexcmds Info: \pdf@primitive is available.
Package pdftexcmds Info: \pdf@ifprimitive is available.
Package pdftexcmds Info: \pdfdraftmode not found.
) (e:/Software/Latex/install/texlive/2021/texmf-dist/tex/generic/kvsetkeys/kvsetkeys.sty
Package: kvsetkeys 2019/12/15 v1.18 Key value parser (HO)
) (e:/Software/Latex/install/texlive/2021/texmf-dist/tex/generic/kvdefinekeys/kvdefinekeys.sty
Package: kvdefinekeys 2019-12-19 v1.6 Define keys (HO)
) (e:/Software/Latex/install/texlive/2021/texmf-dist/tex/generic/pdfescape/pdfescape.sty
Package: pdfescape 2019/12/09 v1.15 Implements pdfTeX's escape features (HO)
) (e:/Software/Latex/install/texlive/2021/texmf-dist/tex/latex/hycolor/hycolor.sty
Package: hycolor 2020-01-27 v1.10 Color options for hyperref/bookmark (HO)
) (e:/Software/Latex/install/texlive/2021/texmf-dist/tex/latex/letltxmacro/letltxmacro.sty
Package: letltxmacro 2019/12/03 v1.6 Let assignment for LaTeX macros (HO)
) (e:/Software/Latex/install/texlive/2021/texmf-dist/tex/latex/auxhook/auxhook.sty
Package: auxhook 2019-12-17 v1.6 Hooks for auxiliary files (HO)
) (e:/Software/Latex/install/texlive/2021/texmf-dist/tex/latex/kvoptions/kvoptions.sty
Package: kvoptions 2020-10-07 v3.14 Key value format for package options (HO)
)
\@linkdim=\dimen182
\Hy@linkcounter=\count292
\Hy@pagecounter=\count293
 (e:/Software/Latex/install/texlive/2021/texmf-dist/tex/latex/hyperref/pd1enc.def
File: pd1enc.def 2021-02-27 v7.00k Hyperref: PDFDocEncoding definition (HO)
) (e:/Software/Latex/install/texlive/2021/texmf-dist/tex/latex/hyperref/hyperref-langpatches.def
File: hyperref-langpatches.def 2021-02-27 v7.00k Hyperref: patches for babel languages
) (e:/Software/Latex/install/texlive/2021/texmf-dist/tex/generic/intcalc/intcalc.sty
Package: intcalc 2019/12/15 v1.3 Expandable calculations with integers (HO)
) (e:/Software/Latex/install/texlive/2021/texmf-dist/tex/generic/etexcmds/etexcmds.sty
Package: etexcmds 2019/12/15 v1.7 Avoid name clashes with e-TeX commands (HO)
)
\Hy@SavedSpaceFactor=\count294
 (e:/Software/Latex/install/texlive/2021/texmf-dist/tex/latex/hyperref/puenc.def
File: puenc.def 2021-02-27 v7.00k Hyperref: PDF Unicode definition (HO)
)
Package hyperref Info: Hyper figures OFF on input line 4192.
Package hyperref Info: Link nesting OFF on input line 4197.
Package hyperref Info: Hyper index ON on input line 4200.
Package hyperref Info: Plain pages OFF on input line 4207.
Package hyperref Info: Backreferencing OFF on input line 4212.
Package hyperref Info: Implicit mode ON; LaTeX internals redefined.
Package hyperref Info: Bookmarks ON on input line 4445.
\c@Hy@tempcnt=\count295
 (e:/Software/Latex/install/texlive/2021/texmf-dist/tex/latex/url/url.sty
\Urlmuskip=\muskip18
Package: url 2013/09/16  ver 3.4  Verb mode for urls, etc.
)
LaTeX Info: Redefining \url on input line 4804.
\XeTeXLinkMargin=\dimen183
 (e:/Software/Latex/install/texlive/2021/texmf-dist/tex/generic/bitset/bitset.sty
Package: bitset 2019/12/09 v1.3 Handle bit-vector datatype (HO)
 (e:/Software/Latex/install/texlive/2021/texmf-dist/tex/generic/bigintcalc/bigintcalc.sty
Package: bigintcalc 2019/12/15 v1.5 Expandable calculations on big integers (HO)
))
\Fld@menulength=\count296
\Field@Width=\dimen184
\Fld@charsize=\dimen185
Package hyperref Info: Hyper figures OFF on input line 6075.
Package hyperref Info: Link nesting OFF on input line 6080.
Package hyperref Info: Hyper index ON on input line 6083.
Package hyperref Info: backreferencing OFF on input line 6090.
Package hyperref Info: Link coloring OFF on input line 6095.
Package hyperref Info: Link coloring with OCG OFF on input line 6100.
Package hyperref Info: PDF/A mode OFF on input line 6105.
LaTeX Info: Redefining \ref on input line 6145.
LaTeX Info: Redefining \pageref on input line 6149.
 (e:/Software/Latex/install/texlive/2021/texmf-dist/tex/latex/base/atbegshi-ltx.sty
Package: atbegshi-ltx 2020/08/17 v1.0a Emulation of the original atbegshi package
with kernel methods
)
\Hy@abspage=\count297
\c@Item=\count298
\c@Hfootnote=\count299
)
Package hyperref Info: Driver (autodetected): hxetex.
 (e:/Software/Latex/install/texlive/2021/texmf-dist/tex/latex/hyperref/hxetex.def
File: hxetex.def 2021-02-27 v7.00k Hyperref driver for XeTeX
 (e:/Software/Latex/install/texlive/2021/texmf-dist/tex/generic/stringenc/stringenc.sty
Package: stringenc 2019/11/29 v1.12 Convert strings between diff. encodings (HO)
)
\pdfm@box=\box51
\c@Hy@AnnotLevel=\count300
\HyField@AnnotCount=\count301
\Fld@listcount=\count302
\c@bookmark@seq@number=\count303
 (e:/Software/Latex/install/texlive/2021/texmf-dist/tex/latex/rerunfilecheck/rerunfilecheck.sty
Package: rerunfilecheck 2019/12/05 v1.9 Rerun checks for auxiliary files (HO)
 (e:/Software/Latex/install/texlive/2021/texmf-dist/tex/latex/base/atveryend-ltx.sty
Package: atveryend-ltx 2020/08/19 v1.0a Emulation of the original atvery package
with kernel methods
) (e:/Software/Latex/install/texlive/2021/texmf-dist/tex/generic/uniquecounter/uniquecounter.sty
Package: uniquecounter 2019/12/15 v1.4 Provide unlimited unique counter (HO)
)
Package uniquecounter Info: New unique counter `rerunfilecheck' on input line 286.
)
\Hy@SectionHShift=\skip62
) (e:/Software/Latex/install/texlive/2021/texmf-dist/tex/latex/jknapltx/mathrsfs.sty
Package: mathrsfs 1996/01/01 Math RSFS package v1.0 (jk)
\symrsfs=\mathgroup9
) (e:/Software/Latex/install/texlive/2021/texmf-dist/tex/latex/geometry/geometry.sty
Package: geometry 2020/01/02 v5.9 Page Geometry
 (e:/Software/Latex/install/texlive/2021/texmf-dist/tex/generic/iftex/ifvtex.sty
Package: ifvtex 2019/10/25 v1.7 ifvtex legacy package. Use iftex instead.
)
\Gm@cnth=\count304
\Gm@cntv=\count305
\c@Gm@tempcnt=\count306
\Gm@bindingoffset=\dimen186
\Gm@wd@mp=\dimen187
\Gm@odd@mp=\dimen188
\Gm@even@mp=\dimen189
\Gm@layoutwidth=\dimen190
\Gm@layoutheight=\dimen191
\Gm@layouthoffset=\dimen192
\Gm@layoutvoffset=\dimen193
\Gm@dimlist=\toks27
) (e:/Software/Latex/install/texlive/2021/texmf-dist/tex/latex/float/float.sty
Package: float 2001/11/08 v1.3d Float enhancements (AL)
\c@float@type=\count307
\float@exts=\toks28
\float@box=\box52
\@float@everytoks=\toks29
\@floatcapt=\box53
) (e:/Software/Latex/install/texlive/2021/texmf-dist/tex/latex/subfigure/subfigure.sty
Package: subfigure 2002/03/15 v2.1.5 subfigure package
\subfigtopskip=\skip63
\subfigcapskip=\skip64
\subfigcaptopadj=\dimen194
\subfigbottomskip=\skip65
\subfigcapmargin=\dimen195
\subfiglabelskip=\skip66
\c@subfigure=\count308
\c@lofdepth=\count309
\c@subtable=\count310
\c@lotdepth=\count311

****************************************
* Local config file subfigure.cfg used *
****************************************
(e:/Software/Latex/install/texlive/2021/texmf-dist/tex/latex/subfigure/subfigure.cfg)
\subfig@top=\skip67
\subfig@bottom=\skip68
) (e:/Software/Latex/install/texlive/2021/texmf-dist/tex/latex/booktabs/booktabs.sty
Package: booktabs 2020/01/12 v1.61803398 Publication quality tables
\heavyrulewidth=\dimen196
\lightrulewidth=\dimen197
\cmidrulewidth=\dimen198
\belowrulesep=\dimen199
\belowbottomsep=\dimen256
\aboverulesep=\dimen257
\abovetopsep=\dimen258
\cmidrulesep=\dimen259
\cmidrulekern=\dimen260
\defaultaddspace=\dimen261
\@cmidla=\count312
\@cmidlb=\count313
\@aboverulesep=\dimen262
\@belowrulesep=\dimen263
\@thisruleclass=\count314
\@lastruleclass=\count315
\@thisrulewidth=\dimen264
) (e:/Software/Latex/install/texlive/2021/texmf-dist/tex/latex/multirow/multirow.sty
Package: multirow 2021/03/15 v2.8 Span multiple rows of a table
\multirow@colwidth=\skip69
\multirow@cntb=\count316
\multirow@dima=\skip70
\bigstrutjot=\dimen265
) (e:/Software/Latex/install/texlive/2021/texmf-dist/tex/latex/tools/indentfirst.sty
Package: indentfirst 1995/11/23 v1.03 Indent first paragraph (DPC)
) (e:/Software/Latex/install/texlive/2021/texmf-dist/tex/latex/tools/enumerate.sty
Package: enumerate 2015/07/23 v3.00 enumerate extensions (DPC)
\@enLab=\toks30
) (e:/Software/Latex/install/texlive/2021/texmf-dist/tex/latex/graphics/color.sty
Package: color 2020/02/24 v1.2b Standard LaTeX Color (DPC)
 (e:/Software/Latex/install/texlive/2021/texmf-dist/tex/latex/graphics-cfg/color.cfg
File: color.cfg 2016/01/02 v1.6 sample color configuration
)
Package color Info: Driver file: xetex.def on input line 147.
)
\c@theorem=\count317


Package xeCJK Warning: Fandol is being set as the default font for CJK text.
(xeCJK)                Please make sure it has been properly installed.


Package fontspec Warning: Font "FandolSong-Regular" does not contain requested
(fontspec)                Script "CJK".


Package fontspec Info: Font family 'FandolSong-Regular(0)' created for font
(fontspec)             'FandolSong-Regular' with options
(fontspec)             [Script={CJK},Extension={.otf},BoldFont={FandolSong-Bold},ItalicFont={FandolKai-Regular}].
(fontspec)              
(fontspec)              This font family consists of the following NFSS
(fontspec)             series/shapes:
(fontspec)              
(fontspec)             - 'normal' (m/n) with NFSS spec.:
(fontspec)             <->"[FandolSong-Regular.otf]/OT:language=dflt;"
(fontspec)             - 'small caps'  (m/sc) with NFSS spec.: 
(fontspec)             - 'bold' (b/n) with NFSS spec.:
(fontspec)             <->"[FandolSong-Bold.otf]/OT:language=dflt;"
(fontspec)             - 'bold small caps'  (b/sc) with NFSS spec.: 
(fontspec)             - 'italic' (m/it) with NFSS spec.:
(fontspec)             <->"[FandolKai-Regular.otf]/OT:language=dflt;"
(fontspec)             - 'italic small caps'  (m/scit) with NFSS spec.: 


LaTeX Warning: Unused global option(s):
    [9pt].

(./ROS_Notes.aux)
\openout1 = `ROS_Notes.aux'.

LaTeX Font Info:    Checking defaults for OML/cmm/m/it on input line 33.
LaTeX Font Info:    ... okay on input line 33.
LaTeX Font Info:    Checking defaults for OMS/cmsy/m/n on input line 33.
LaTeX Font Info:    ... okay on input line 33.
LaTeX Font Info:    Checking defaults for OT1/cmr/m/n on input line 33.
LaTeX Font Info:    ... okay on input line 33.
LaTeX Font Info:    Checking defaults for T1/cmr/m/n on input line 33.
LaTeX Font Info:    ... okay on input line 33.
LaTeX Font Info:    Checking defaults for TS1/cmr/m/n on input line 33.
LaTeX Font Info:    Trying to load font information for TS1+cmr on input line 33.
 (e:/Software/Latex/install/texlive/2021/texmf-dist/tex/latex/base/ts1cmr.fd
File: ts1cmr.fd 2019/12/16 v2.5j Standard LaTeX font definitions
)
LaTeX Font Info:    ... okay on input line 33.
LaTeX Font Info:    Checking defaults for TU/lmr/m/n on input line 33.
LaTeX Font Info:    ... okay on input line 33.
LaTeX Font Info:    Checking defaults for OMX/cmex/m/n on input line 33.
LaTeX Font Info:    ... okay on input line 33.
LaTeX Font Info:    Checking defaults for U/cmr/m/n on input line 33.
LaTeX Font Info:    ... okay on input line 33.
LaTeX Font Info:    Checking defaults for PD1/pdf/m/n on input line 33.
LaTeX Font Info:    ... okay on input line 33.
LaTeX Font Info:    Checking defaults for PU/pdf/m/n on input line 33.
LaTeX Font Info:    ... okay on input line 33.

Package fontspec Info: Adjusting the maths setup (use [no-math] to avoid
(fontspec)             this).

\symlegacymaths=\mathgroup10
LaTeX Font Info:    Overwriting symbol font `legacymaths' in version `bold'
(Font)                  OT1/cmr/m/n --> OT1/cmr/bx/n on input line 33.
LaTeX Font Info:    Redeclaring math accent \acute on input line 33.
LaTeX Font Info:    Redeclaring math accent \grave on input line 33.
LaTeX Font Info:    Redeclaring math accent \ddot on input line 33.
LaTeX Font Info:    Redeclaring math accent \tilde on input line 33.
LaTeX Font Info:    Redeclaring math accent \bar on input line 33.
LaTeX Font Info:    Redeclaring math accent \breve on input line 33.
LaTeX Font Info:    Redeclaring math accent \check on input line 33.
LaTeX Font Info:    Redeclaring math accent \hat on input line 33.
LaTeX Font Info:    Redeclaring math accent \dot on input line 33.
LaTeX Font Info:    Redeclaring math accent \mathring on input line 33.
LaTeX Font Info:    Redeclaring math symbol \Gamma on input line 33.
LaTeX Font Info:    Redeclaring math symbol \Delta on input line 33.
LaTeX Font Info:    Redeclaring math symbol \Theta on input line 33.
LaTeX Font Info:    Redeclaring math symbol \Lambda on input line 33.
LaTeX Font Info:    Redeclaring math symbol \Xi on input line 33.
LaTeX Font Info:    Redeclaring math symbol \Pi on input line 33.
LaTeX Font Info:    Redeclaring math symbol \Sigma on input line 33.
LaTeX Font Info:    Redeclaring math symbol \Upsilon on input line 33.
LaTeX Font Info:    Redeclaring math symbol \Phi on input line 33.
LaTeX Font Info:    Redeclaring math symbol \Psi on input line 33.
LaTeX Font Info:    Redeclaring math symbol \Omega on input line 33.
LaTeX Font Info:    Redeclaring math symbol \mathdollar on input line 33.
LaTeX Font Info:    Redeclaring symbol font `operators' on input line 33.
LaTeX Font Info:    Encoding `OT1' has changed to `TU' for symbol font
(Font)              `operators' in the math version `normal' on input line 33.
LaTeX Font Info:    Overwriting symbol font `operators' in version `normal'
(Font)                  OT1/cmr/m/n --> TU/lmr/m/n on input line 33.
LaTeX Font Info:    Encoding `OT1' has changed to `TU' for symbol font
(Font)              `operators' in the math version `bold' on input line 33.
LaTeX Font Info:    Overwriting symbol font `operators' in version `bold'
(Font)                  OT1/cmr/bx/n --> TU/lmr/m/n on input line 33.
LaTeX Font Info:    Overwriting symbol font `operators' in version `normal'
(Font)                  TU/lmr/m/n --> TU/lmr/m/n on input line 33.
LaTeX Font Info:    Overwriting math alphabet `\mathit' in version `normal'
(Font)                  OT1/cmr/m/it --> TU/lmr/m/it on input line 33.
LaTeX Font Info:    Overwriting math alphabet `\mathbf' in version `normal'
(Font)                  OT1/cmr/bx/n --> TU/lmr/b/n on input line 33.
LaTeX Font Info:    Overwriting math alphabet `\mathsf' in version `normal'
(Font)                  OT1/cmss/m/n --> TU/lmss/m/n on input line 33.
LaTeX Font Info:    Overwriting math alphabet `\mathtt' in version `normal'
(Font)                  OT1/cmtt/m/n --> TU/lmtt/m/n on input line 33.
LaTeX Font Info:    Overwriting symbol font `operators' in version `bold'
(Font)                  TU/lmr/m/n --> TU/lmr/b/n on input line 33.
LaTeX Font Info:    Overwriting math alphabet `\mathit' in version `bold'
(Font)                  OT1/cmr/bx/it --> TU/lmr/b/it on input line 33.
LaTeX Font Info:    Overwriting math alphabet `\mathsf' in version `bold'
(Font)                  OT1/cmss/bx/n --> TU/lmss/b/n on input line 33.
LaTeX Font Info:    Overwriting math alphabet `\mathtt' in version `bold'
(Font)                  OT1/cmtt/m/n --> TU/lmtt/b/n on input line 33.
Package hyperref Info: Link coloring OFF on input line 33.
 (e:/Software/Latex/install/texlive/2021/texmf-dist/tex/latex/hyperref/nameref.sty
Package: nameref 2021-04-02 v2.47 Cross-referencing by name of section
 (e:/Software/Latex/install/texlive/2021/texmf-dist/tex/latex/refcount/refcount.sty
Package: refcount 2019/12/15 v3.6 Data extraction from label references (HO)
) (e:/Software/Latex/install/texlive/2021/texmf-dist/tex/generic/gettitlestring/gettitlestring.sty
Package: gettitlestring 2019/12/15 v1.6 Cleanup title references (HO)
)
\c@section@level=\count318
)
LaTeX Info: Redefining \ref on input line 33.
LaTeX Info: Redefining \pageref on input line 33.
LaTeX Info: Redefining \nameref on input line 33.
 (./ROS_Notes.out) (./ROS_Notes.out)
\@outlinefile=\write3
\openout3 = `ROS_Notes.out'.


*geometry* driver: auto-detecting
*geometry* detected driver: xetex
*geometry* verbose mode - [ preamble ] result:
* driver: xetex
* paper: b5paper
* layout: <same size as paper>
* layoutoffset:(h,v)=(0.0pt,0.0pt)
* modes: 
* h-part:(L,W,R)=(34.14322pt, 432.48206pt, 34.14322pt)
* v-part:(T,H,B)=(56.9055pt, 625.96065pt, 28.45274pt)
* \paperwidth=500.7685pt
* \paperheight=711.3189pt
* \textwidth=432.48206pt
* \textheight=625.96065pt
* \oddsidemargin=-38.12677pt
* \evensidemargin=-38.12677pt
* \topmargin=-45.43198pt
* \headheight=12.0pt
* \headsep=18.06749pt
* \topskip=10.0pt
* \footskip=25.29494pt
* \marginparwidth=69.0pt
* \marginparsep=7.0pt
* \columnsep=10.0pt
* \skip\footins=9.0pt plus 4.0pt minus 2.0pt
* \hoffset=0.0pt
* \voffset=0.0pt
* \mag=1000
* \@twocolumnfalse
* \@twosidefalse
* \@mparswitchfalse
* \@reversemarginfalse
* (1in=72.27pt=25.4mm, 1cm=28.453pt)

LaTeX Font Info:    Trying to load font information for U+msa on input line 37.
(e:/Software/Latex/install/texlive/2021/texmf-dist/tex/latex/amsfonts/umsa.fd
File: umsa.fd 2013/01/14 v3.01 AMS symbols A
)
LaTeX Font Info:    Trying to load font information for U+msb on input line 37.
 (e:/Software/Latex/install/texlive/2021/texmf-dist/tex/latex/amsfonts/umsb.fd
File: umsb.fd 2013/01/14 v3.01 AMS symbols B
)
LaTeX Font Info:    Trying to load font information for U+rsfs on input line 37.
 (e:/Software/Latex/install/texlive/2021/texmf-dist/tex/latex/jknapltx/ursfs.fd
File: ursfs.fd 1998/03/24 rsfs font definition file (jk)
) [1


]
Underfull \hbox (badness 10000) in paragraph at lines 56--57

 []

[1] (./ROS_Notes.toc [1

] [2] [3] [4])
\tf@toc=\write4
\openout4 = `ROS_Notes.toc'.

 [5]
Chapter 1.
File: image/ROS1架构.jpg Graphic file (type bmp)
<image/ROS1架构.jpg>
File: image/计算图.png Graphic file (type bmp)
<image/计算图.png>
[1

]
LaTeX Font Info:    Font shape `TU/FandolSong-Regular(0)/m/sl' in size <10> not available
(Font)              Font shape `TU/FandolSong-Regular(0)/m/it' tried instead on input line 140.
 [2]
File: image/话题通信机制.jpg Graphic file (type bmp)
<image/话题通信机制.jpg>
 [3]
File: image/服务通信机制.jpg Graphic file (type bmp)
<image/服务通信机制.jpg>
 [4]
File: image/Action.png Graphic file (type bmp)
<image/Action.png>
File: image/Action_topic.jpg Graphic file (type bmp)
<image/Action_topic.jpg>
 [5]
File: image/参数管理机制.jpg Graphic file (type bmp)
<image/参数管理机制.jpg>
 [6]
Chapter 2.

Package fontspec Warning: Font "FandolFang-Regular" does not contain requested
(fontspec)                Script "CJK".


Package fontspec Info: Font family 'FandolFang-Regular(0)' created for font
(fontspec)             'FandolFang-Regular' with options
(fontspec)             [Script={CJK},Extension={.otf}].
(fontspec)              
(fontspec)              This font family consists of the following NFSS
(fontspec)             series/shapes:
(fontspec)              
(fontspec)             - 'normal' (m/n) with NFSS spec.:
(fontspec)             <->"[FandolFang-Regular.otf]/OT:language=dflt;"
(fontspec)             - 'small caps'  (m/sc) with NFSS spec.: 

[7

] [8]
Overfull \hbox (8.51794pt too wide) in paragraph at lines 339--339
[]        \TU/lmtt/m/n/10 ros::Publisher chatter_pub = n.advertise<std_msgs::String>("chatter", 1000);[] 
 []

[9] [10] [11] [12] [13] [14]
File: image/namespace_rule.png Graphic file (type bmp)
<image/namespace_rule.png>
 [15]
Overfull \hbox (2.01794pt too wide) in paragraph at lines 644--644
 []\TU/lmtt/m/n/10 <node pkg="turtlesim" type="turtlesim_node" name="turtlesim\_node" ns="sim1"/>[] 
 []

[16]
File: image/namespace_eg1.png Graphic file (type bmp)
<image/namespace_eg1.png>
 [17]
File: image/namespace_eg2.png Graphic file (type bmp)
<image/namespace_eg2.png>
 [18] [19]
Chapter 3.
[20

]
Overfull \hbox (3.26794pt too wide) in paragraph at lines 819--819
[]    \TU/lmtt/m/n/10 <rosparam file = "$(find 2dnav_pr2)/config/costmap_common_params.yamls" command[] 
 []

[21]
Overfull \hbox (3.26794pt too wide) in paragraph at lines 896--896
[]    \TU/lmtt/m/n/10 <node pkg = "tf" type = "static_transform_publisher" name = "link1_broadcaster"[] 
 []

[22]
Overfull \hbox (8.51794pt too wide) in paragraph at lines 949--949
[]        \TU/lmtt/m/n/10 //  \TU/FandolFang-Regular(0)/m/n/10 包 含 坐 标 变 换 、 时 间 戳 ， 并 指 定 坐 标 变 换 的 源 坐 标 系 \TU/lmtt/m/n/10 (parent) \TU/FandolFang-Regular(0)/m/n/10 和 目 标 坐 标 系 \TU/lmtt/m/n/10 (child)[] 
 []


Overfull \hbox (3.26794pt too wide) in paragraph at lines 949--949
[]        \TU/lmtt/m/n/10 br.sendTransform(tf::StampedTransform(transform, ros::Time::now(), "world",[] 
 []


Overfull \hbox (13.76794pt too wide) in paragraph at lines 949--949
[]        \TU/lmtt/m/n/10 ros::Subscriber sub = node.subscribe(turtle_name+"/pose", 10, &poseCallback);[] 
 []

[23] [24] [25] [26] [27]
Chapter 4.
File: image/link标签.png Graphic file (type bmp)
<image/link标签.png>
[28

]
File: image/joint标签.png Graphic file (type bmp)
<image/joint标签.png>
 [29] [30] [31] [32]
Overfull \hbox (13.76794pt too wide) in paragraph at lines 1340--1340
[]                \TU/lmtt/m/n/10 <cylinder length="${base_link_length}" radius="${base_link_radius}"/>[] 
 []


Overfull \hbox (13.76794pt too wide) in paragraph at lines 1340--1340
[]                \TU/lmtt/m/n/10 <cylinder length="${base_link_length}" radius="${base_link_radius}"/>[] 
 []

[33]
Overfull \hbox (13.76794pt too wide) in paragraph at lines 1418--1418
[]    \TU/lmtt/m/n/10 <xacro:macro name="mrobot_standoff_2in" params="parent number x_loc y_loc z_loc">[] 
 []

[34]
Overfull \hbox (19.01794pt too wide) in paragraph at lines 1427--1427
[]    \TU/lmtt/m/n/10 <mrobot_standoff_2in parent="base_link" number="1" x_loc="-${standoff_x/2 + 0.03}"[] 
 []

[35]
Overfull \hbox (176.51794pt too wide) in paragraph at lines 1465--1465
[]    \TU/lmtt/m/n/10 <arg name="model" default="$(find xacro)/xacro --inorder '$(find mrobot_description)/urdf/mrobot.urdf.xacro'" />[] 
 []

[36]
Overfull \hbox (76.76794pt too wide) in paragraph at lines 1500--1500
[]            \TU/lmtt/m/n/10 <origin xyz="${camera_offset_x} ${camera_offset_y} ${camera_offset_z}" rpy="0 0 0" />[] 
 []

[37]
Overfull \hbox (8.51794pt too wide) in paragraph at lines 1532--1532
[]    \TU/lmtt/m/n/10 <node name="arbotix" pkg="arbotix_python" type="arbotix_driver" output="screen">[] 
 []


Overfull \hbox (3.26794pt too wide) in paragraph at lines 1532--1532
[]        \TU/lmtt/m/n/10 <rosparam file="$(find mrobot_description)/config/fake_mrobot_arbotix.yaml"[] 
 []

[38]
File: image/ros_control.png Graphic file (type bmp)
<image/ros_control.png>
 [39]
File: image/硬件接口.png Graphic file (type bmp)
<image/硬件接口.png>
 [40] [41] [42]
Overfull \hbox (50.51794pt too wide) in paragraph at lines 1737--1737
[]        \TU/lmtt/m/n/10 <plugin name="differential_drive_controller" filename="libgazebo_ros_diff_drive.so">[] 
 []

[43]
Overfull \hbox (19.01794pt too wide) in paragraph at lines 1794--1794
[]        \TU/lmtt/m/n/10 <arg name="world_name" value="$(find mrobot_gazebo)/worlds/playground.world"/>[] 
 []


Overfull \hbox (3.26794pt too wide) in paragraph at lines 1794--1794
[]        \TU/lmtt/m/n/10 <node name="joint_state_publisher" pkg="joint_state_publisher" type="joint_[] 
 []


Overfull \hbox (3.26794pt too wide) in paragraph at lines 1794--1794
[]        \TU/lmtt/m/n/10 <node name="robot_state_publisher" pkg="robot_state_publisher" type="robot_[] 
 []


Overfull \hbox (13.76794pt too wide) in paragraph at lines 1794--1794
[]        \TU/lmtt/m/n/10 <node name="urdf_spawner" pkg="gazebo_ros" type="spawn_model" respawn="false"[] 
 []

[44] [45] [46]
Overfull \hbox (13.76794pt too wide) in paragraph at lines 1900--1900
[]            \TU/lmtt/m/n/10 <plugin name="kinect_${prefix}_controller" filename="libgazebo_ros_openni[] 
 []


Overfull \hbox (8.51794pt too wide) in paragraph at lines 1900--1900
[]                \TU/lmtt/m/n/10 <depthImageCameraInfoTopicName>depth/camera_info</depthImageCameraIn[] 
 []

[47] [48] [49]
Chapter 5.
[50

] [51]
File: image/gmapping框架.png Graphic file (type bmp)
<image/gmapping框架.png>
 [52] [53]
Overfull \hbox (118.76794pt too wide) in paragraph at lines 2137--2137
[]        \TU/lmtt/m/n/10 <node pkg="rviz" type="rviz" name="rviz" args="-d $(find mrobot_navigation)/rviz/gmapping.rviz"/>[] 
 []

[54] [55]
File: image/导航功能包框架.png Graphic file (type bmp)
<image/导航功能包框架.png>
 [56] [57]
File: image/amcl坐标变换.png Graphic file (type bmp)
<image/amcl坐标变换.png>
 [58]
Overfull \hbox (13.76794pt too wide) in paragraph at lines 2317--2317
[]    \TU/lmtt/m/n/10 # footprint: [[0.175, 0.175], [0.175, -0.175], [-0.175, -0.175], [-0.175, 0.175]][] 
 []


Overfull \hbox (3.26794pt too wide) in paragraph at lines 2317--2317
[]    \TU/lmtt/m/n/10 scan: {data_type: LaserScan, topic: /scan, marking: true, clearing: true, expec[] 
 []

[59]
Overfull \hbox (13.76794pt too wide) in paragraph at lines 2335--2335
[]    \TU/lmtt/m/n/10 # footprint: [[0.175, 0.175], [0.175, -0.175], [-0.175, -0.175], [-0.175, 0.175]][] 
 []


Overfull \hbox (3.26794pt too wide) in paragraph at lines 2354--2354
[]    \TU/lmtt/m/n/10 scan: {data_type: LaserScan, topic: /scan, marking: true, clearing: true, expec[] 
 []

[60] [61] [62] [63]
Chapter 6.
File: image/导航功能包框架.png Graphic file (type bmp)
<image/导航功能包框架.png>
[64

] [65] [66] [67] [68] [69]
Overfull \hbox (14.01794pt too wide) in paragraph at lines 2836--2837
[][]$[][][][][] [] [] [] [][][][][][] [] [][][] [] [][][][][] [] [][][] [] [][][][][] [] [][][][] [] [][][][][][] [] [][][][][][][][][][][][][][][][][][][][][][][][][][] [] [][][][] [] [][][][]$[] 
 []

File: image/move_base.png Graphic file (type bmp)
<image/move_base.png>
[70] [71]
Overfull \hbox (3.26794pt too wide) in paragraph at lines 2881--2881
[]        \TU/lmtt/m/n/10 // \TU/FandolFang-Regular(0)/m/n/10 实 例 化 之 后 ， \TU/lmtt/m/n/10 Action \TU/FandolFang-Regular(0)/m/n/10 开 始 监 听 服 务 请 求 ， 并 通 过 \TU/lmtt/m/n/10 ros::spin() \TU/FandolFang-Regular(0)/m/n/10 传 递 到 \TU/lmtt/m/n/10 Action \TU/FandolFang-Regular(0)/m/n/10 的 回 调 函 [] 
 []

[72]
Overfull \hbox (8.51794pt too wide) in paragraph at lines 2923--2923
[]    \TU/lmtt/m/n/10 as_ = new MoveBaseActionServer(ros::NodeHandle(), "move_base", boost::bind(&Move[] 
 []

[73]
Overfull \hbox (5.06203pt too wide) in paragraph at lines 2970--2970
[]        \TU/lmtt/m/n/8 ROS_FATAL("Failed to create the %s planner, are you sure it is properly registered and that the[] 
 []


Overfull \hbox (5.06203pt too wide) in paragraph at lines 2970--2970
[]        \TU/lmtt/m/n/8 ROS_FATAL("Failed to create the %s planner, are you sure it is properly registered and that the[] 
 []


Overfull \hbox (8.51794pt too wide) in paragraph at lines 3003--3003
[]    \TU/lmtt/m/n/10 // \TU/FandolFang-Regular(0)/m/n/10 用 接 收 到 的 目 标 \TU/lmtt/m/n/10 goal \TU/FandolFang-Regular(0)/m/n/10 来 更 新 全 局 规 划 目 标 （ 全 局 变 量 ） ， 它 在 \TU/lmtt/m/n/10 planThread \TU/FandolFang-Regular(0)/m/n/10 中 会 被 用 来 做 全 [] 
 []

[74] [75]
Overfull \hbox (5.06204pt too wide) in paragraph at lines 3065--3065
[]        \TU/lmtt/m/n/8 // \TU/FandolFang-Regular(0)/m/n/8 调 用 \TU/lmtt/m/n/8 wait \TU/FandolFang-Regular(0)/m/n/8 函 数 时 ， 函 数 会 自 动 调 用 \TU/lmtt/m/n/8 lock.unlock() \TU/FandolFang-Regular(0)/m/n/8 释 放 锁 ， 使 得 其 他 被 阻 塞 在 锁 竞 争 上 的 线 程 得 以 继 续 执 行 [] 
 []

[76]
Overfull \hbox (5.06198pt too wide) in paragraph at lines 3132--3132
[]        \TU/lmtt/m/n/8 if(runPlanner_ && (ros::Time::now() > attempt_end || planning_retries_ > uint32_t(max_planning_[] 
 []


Overfull \hbox (9.31001pt too wide) in paragraph at lines 3149--3149
[]        \TU/lmtt/m/n/8 ROS_DEBUG_NAMED("move_base","Failed to find a  plan to point (%.2f, %.2f)", goal.pose.position.x[] 
 []

[77]
Overfull \hbox (9.31001pt too wide) in paragraph at lines 3187--3187
[]            \TU/lmtt/m/n/8 as_->setAborted(move_base_msgs::MoveBaseResult(), "Failed to pass global plan to the control[] 
 []

[78]
Overfull \hbox (13.7346pt too wide) in paragraph at lines 3221--3222
[]\TU/FandolSong-Regular(0)/m/n/10 如 果 没 到 终 点，|  且 状 态 正 常，|  调 用 局 部 规 划 器 实 例 $\OML/cmm/m/it/10 tc[]\OMS/cmsy/m/n/10 ^^@ \OML/cmm/m/it/10 > computeVelocityCommands\OT1/cmr/m/n/10 (\OML/cmm/m/it/10 cmd[]vel\OT1/cmr/m/n/10 )$
 []


Overfull \hbox (9.30998pt too wide) in paragraph at lines 3296--3296
[]        \TU/lmtt/m/n/8 if(oscillation_timeout_ > 0.0 && last_oscillation_reset_ + ros::Duration(oscillation_timeout_) <[] 
 []

[79]
Overfull \hbox (9.30997pt too wide) in paragraph at lines 3296--3296
[]            \TU/lmtt/m/n/8 boost::unique_lock<costmap_2d::Costmap2D::mutex_t> lock(*(controller_costmap_ros_->getCostma[] 
 []


Overfull \hbox (13.55804pt too wide) in paragraph at lines 3296--3296
[]            \TU/lmtt/m/n/8 // \TU/FandolFang-Regular(0)/m/n/8 局 部 规 划 器 实 例 \TU/lmtt/m/n/8 tc_ \TU/FandolFang-Regular(0)/m/n/8 被 传 入 了 全 局 规 划 后 ， 调 用 \TU/lmtt/m/n/8 computeVelocityCommands \TU/FandolFang-Regular(0)/m/n/8 函 数 计 算 速 度 存 储 在 \TU/lmtt/m/n/8 cmd_vel \TU/FandolFang-Regular(0)/m/n/8 中 [] 
 []


Overfull \hbox (5.06203pt too wide) in paragraph at lines 3296--3296
[]                \TU/lmtt/m/n/8 ROS_DEBUG_NAMED( "move_base", "Got a valid command from the local planner: %.3lf, %.3lf[] 
 []


Overfull \hbox (13.55806pt too wide) in paragraph at lines 3296--3296
[]                \TU/lmtt/m/n/8 // \TU/FandolFang-Regular(0)/m/n/8 若 局 部 规 划 用 时 没 超 过 限 制   那 就 是 找 不 到 有 效 的 控 制 路 线 （ 局 部 规 划 路 线 ） ， 则 再 次 回 到 全 局 规 划 [] 
 []

[80]
Overfull \hbox (9.30998pt too wide) in paragraph at lines 3351--3351
[]            \TU/lmtt/m/n/8 ROS_DEBUG_NAMED("move_base_recovery","Executing behavior %u of %zu", recovery_index_+1, reco[] 
 []

[81]
Overfull \hbox (9.30998pt too wide) in paragraph at lines 3400--3400
[]            \TU/lmtt/m/n/8 planner_->initialize(bgp_loader_.getName(config.base_global_planner), planner_costmap_ros_);[] 
 []


Overfull \hbox (5.06203pt too wide) in paragraph at lines 3400--3400
[]            \TU/lmtt/m/n/8 ROS_FATAL("Failed to create the %s planner, are you sure it is properly registered and that[] 
 []


Overfull \hbox (9.30998pt too wide) in paragraph at lines 3400--3400
[]        \TU/lmtt/m/n/8 the containing library is built? Exception: %s", config.base_global_planner.c_str(), ex.what());[] 
 []

[82]
Overfull \hbox (9.31004pt too wide) in paragraph at lines 3424--3424
[]            \TU/lmtt/m/n/8 ROS_ERROR("move_base cannot make a plan for you because it could not get the start pose of t[] 
 []


Overfull \hbox (9.84087pt too wide) in paragraph at lines 3490--3490
[]        \TU/lmtt/m/n/7 for(float max_offset = search_increment; max_offset <= req.tolerance && !found_legal; max_offset += search_incr[] 
 []

[83]
Overfull \hbox (9.84074pt too wide) in paragraph at lines 3490--3490
[]                                    \TU/lmtt/m/n/7 ROS_DEBUG_NAMED("move_base", "Found a plan to point (%.2f, %.2f)", p.pose.position.[] 
 []


Overfull \hbox (9.84077pt too wide) in paragraph at lines 3490--3490
[]                                \TU/lmtt/m/n/7 ROS_DEBUG_NAMED("move_base","Failed to find a plan to point (%.2f, %.2f)", p.pose.posit[] 
 []

[84]
File: image/navfn.png Graphic file (type bmp)
<image/navfn.png>
 [85] [86]
Overfull \hbox (11.66805pt too wide) in paragraph at lines 3574--3574
[]    \TU/lmtt/m/n/9 planner_ = boost::shared_ptr<NavFn>(new NavFn(costmap_->getSizeInCellsX(), costmap_->getSi[] 
 []

[87]
Overfull \hbox (9.31001pt too wide) in paragraph at lines 3657--3657
[]            \TU/lmtt/m/n/8 ROS_ERROR("Failed to get a plan from potential when a legal potential was found. This should[] 
 []

[88] [89] [90] [91]
Overfull \hbox (16.3933pt too wide) in paragraph at lines 3802--3802
[]                    \TU/lmtt/m/n/9 // \TU/FandolFang-Regular(0)/m/n/9 重 新 将 其 赋 值 为 \TU/lmtt/m/n/9 COST_NEUTRAL(50)+ \TU/FandolFang-Regular(0)/m/n/9 当 前 \TU/lmtt/m/n/9 cell \TU/FandolFang-Regular(0)/m/n/9 在 \TU/lmtt/m/n/9 costmap \TU/FandolFang-Regular(0)/m/n/9 上 的 值 \TU/lmtt/m/n/9 × \TU/FandolFang-Regular(0)/m/n/9 比 例 \TU/lmtt/m/n/9 0.8 \TU/FandolFang-Regular(0)/m/n/9 （ 最 高 \TU/lmtt/m/n/9 253 \TU/FandolFang-Regular(0)/m/n/9 ） [] 
 []

[92]
Overfull \hbox (11.66835pt too wide) in paragraph at lines 3845--3845
[]    \TU/lmtt/m/n/9 // \TU/FandolFang-Regular(0)/m/n/9 设 置 \TU/lmtt/m/n/9 costarr \TU/FandolFang-Regular(0)/m/n/9 的 四 条 边 的 \TU/lmtt/m/n/9 cell \TU/FandolFang-Regular(0)/m/n/9 的 值 为 \TU/lmtt/m/n/9 COST_OBS( \TU/FandolFang-Regular(0)/m/n/9 致 命 层 \TU/lmtt/m/n/9 254) \TU/FandolFang-Regular(0)/m/n/9 ， 封 闭 地 图 四 周 ， 以 防 产 生 边 界 以 外 的 轨 迹 [] 
 []

[93] [94] [95] [96]
File: image/pot_simple_equation.png Graphic file (type bmp)
<image/pot_simple_equation.png>
File: image/pot_hard_equation.png Graphic file (type bmp)
<image/pot_hard_equation.png>
 [97] [98]
File: image/curT_off.png Graphic file (type bmp)
<image/curT_off.png>
File: image/curT_on.png Graphic file (type bmp)
<image/curT_on.png>
 [99] [100] [101]
Overfull \hbox (17.806pt too wide) in paragraph at lines 4213--4213
[]            \TU/lmtt/m/n/8 ROS_DEBUG("[Path] Pot: %0.1f  pos: %0.1f,%0.1f", potarr[stc], pathx[npath-1], pathy[npath-1]);[] 
 []


Overfull \hbox (13.55803pt too wide) in paragraph at lines 4213--4213
[]            \TU/lmtt/m/n/8 ROS_DEBUG("[Path] %0.2f,%0.2f  %0.2f,%0.2f  %0.2f,%0.2f  %0.2f,%0.2f; final x=%.3f, y=%.3f\n"[] 
 []

[102]
Overfull \hbox (13.55795pt too wide) in paragraph at lines 4213--4213
[]        \TU/lmtt/m/n/8 , gradx[stc], grady[stc], gradx[stc+1], grady[stc+1], gradx[stcnx], grady[stcnx], gradx[stcnx+1],[] 
 []

File: image/example_costmap.png Graphic file (type bmp)
<image/example_costmap.png>
File: image/example_potarr.jpg Graphic file (type bmp)
<image/example_potarr.jpg>
[103]
File: image/example_gradx.png Graphic file (type bmp)
<image/example_gradx.png>
File: image/example_grady.png Graphic file (type bmp)
<image/example_grady.png>
 [104] [105]
Overfull \hbox (6.94336pt too wide) in paragraph at lines 4321--4321
[]    \TU/lmtt/m/n/9 // \TU/FandolFang-Regular(0)/m/n/9 对 翻 译 生 成 的 \TU/lmtt/m/n/9 costarr \TU/FandolFang-Regular(0)/m/n/9 数 组 进 行 了 边 际 设 置 等 处 理 ， 并 初 始 化 了 \TU/lmtt/m/n/9 potarr \TU/FandolFang-Regular(0)/m/n/9 数 组 和 梯 度 数 组 \TU/lmtt/m/n/9 gradx \TU/FandolFang-Regular(0)/m/n/9 、 \TU/lmtt/m/n/9 grady[] 
 []


Overfull \hbox (55.52682pt too wide) in paragraph at lines 4326--4327
[]\TU/FandolSong-Regular(0)/m/n/10 全 局 路 径 规 划 $\OML/cmm/m/it/10 BaseGlobalPlanner$ \TU/FandolSong-Regular(0)/m/n/10 的 $\OML/cmm/m/it/10 plugin$ \TU/FandolSong-Regular(0)/m/n/10 有 三 种\TU/lmr/m/n/10 : $\OML/cmm/m/it/10 navfn\OT1/cmr/m/n/10 /\OML/cmm/m/it/10 NavfnROS$\TU/FandolSong-Regular(0)/m/n/10 ，| $\OML/cmm/m/it/10 global[]planner\OT1/cmr/m/n/10 /\OML/cmm/m/it/10 GlobalPlanner$\TU/lmr/m/n/10 ,
 []


Overfull \hbox (34.89886pt too wide) in paragraph at lines 4326--4327
\OML/cmm/m/it/10 carrot[]planner\OT1/cmr/m/n/10 /\OML/cmm/m/it/10 CarrotPlanner$\TU/lmr/m/n/10 . \TU/FandolSong-Regular(0)/m/n/10 其 中 常 用 的 为 $\OML/cmm/m/it/10 global[]planner\OT1/cmr/m/n/10 /\OML/cmm/m/it/10 GlobalPlanner$\TU/FandolSong-Regular(0)/m/n/10 ，|  它 是 $\OML/cmm/m/it/10 navfn\OT1/cmr/m/n/10 /\OML/cmm/m/it/10 NavfnROS$
 []

[106]

Package hyperref Warning: Token not allowed in a PDF string (Unicode):
(hyperref)                removing `math shift' on input line 4329.


Package hyperref Warning: Token not allowed in a PDF string (Unicode):
(hyperref)                removing `superscript' on input line 4329.


Package hyperref Warning: Token not allowed in a PDF string (Unicode):
(hyperref)                removing `math shift' on input line 4329.

File: image/global_planner.png Graphic file (type bmp)
<image/global_planner.png>
[107] [108]
Overfull \hbox (0.81396pt too wide) in paragraph at lines 4415--4415
[]        \TU/lmtt/m/n/8 make_plan_service_ = private_nh.advertiseService("make_plan", &PlannerWithCostmap::makePlanSer[] 
 []


Overfull \hbox (5.06198pt too wide) in paragraph at lines 4415--4415
[]        \TU/lmtt/m/n/8 pose_sub_ = private_nh.subscribe<rm::PoseStamped>("goal", 1, &PlannerWithCostmap::poseCallback,[] 
 []

[109] [110]
Overfull \hbox (2.21838pt too wide) in paragraph at lines 4537--4537
[]            \TU/lmtt/m/n/9 //pop_heap() \TU/FandolFang-Regular(0)/m/n/9 是 将 堆 顶 元 素 与 最 后 一 个 元 素 交 换 位 置 ， 之 后 用 \TU/lmtt/m/n/9 pop_back \TU/FandolFang-Regular(0)/m/n/9 将 最 后 一 个 元 素 删 除 [] 
 []

[111]
Overfull \hbox (13.55798pt too wide) in paragraph at lines 4586--4586
[]        \TU/lmtt/m/n/8 potential[next_i] = p_calc_->calculatePotential(potential, costs[next_i] + neutral_cost_, next_i,[] 
 []

[112]
Overfull \hbox (17.80606pt too wide) in paragraph at lines 4586--4586
[]        \TU/lmtt/m/n/8 // \TU/FandolFang-Regular(0)/m/n/8 计 算 \TU/lmtt/m/n/8 distance \TU/FandolFang-Regular(0)/m/n/8 ： 从 节 点 \TU/lmtt/m/n/8 n \TU/FandolFang-Regular(0)/m/n/8 到 目 标 点 最 佳 路 径 的 估 计 代 价 ， 这 里 选 用 了 曼 哈 顿 距 离 （ 不 能 斜 着 走   且 无 视 障 碍 物 ） [] 
 []


Overfull \hbox (9.31003pt too wide) in paragraph at lines 4586--4586
[]        \TU/lmtt/m/n/8 //distance \TU/FandolFang-Regular(0)/m/n/8 只 是 格 子 个 数 ， 还 有 乘 上 每 个 格 子 的 真 实 距 离 或 是 分 辨 率 ， 所 以 最 后 \TU/lmtt/m/n/8 h = distance*neutral_cost_[] 
 []

[113] [114]
Overfull \hbox (16.39305pt too wide) in paragraph at lines 4688--4688
[]    \TU/lmtt/m/n/9 virtual float calculatePotential(float* potential, unsigned char cost, int n, float prev_po[] 
 []

[115]
Overfull \hbox (14.54349pt too wide) in paragraph at lines 4721--4723
[][]$[][][][][] [] [] [] [][][][][][] [] [][][] [] [][][][][] [] [][][] [] [][][][][] [] [][][][] [] [][][][][][] [] [][][][][][][][][][][][][][][][][][][][][][][][][][] [] [][][][] [] [][][][][] [] [][][][][][][]$[] 
 []

File: image/trajectory_planner.png Graphic file (type bmp)
<image/trajectory_planner.png>
[116] [117]
Missing character: There is no ： (U+FF1A) in font [lmroman10-regular]:mapping=tex-text;!
 [118]
Overfull \hbox (9.30995pt too wide) in paragraph at lines 4815--4815
[]    \TU/lmtt/m/n/8 bool TrajectoryPlannerROS::setPlan(const std::vector<geometry_msgs::PoseStamped>& orig_global_plan){[] 
 []


Overfull \hbox (2.21805pt too wide) in paragraph at lines 4841--4841
[]    \TU/lmtt/m/n/9 if (!transformGlobalPlan(*tf_, global_plan_, global_pose, *costmap_, global_frame_, tran[] 
 []

[119]
Overfull \hbox (0.81398pt too wide) in paragraph at lines 4943--4943
[]    \TU/lmtt/m/n/8 if (xy_tolerance_latch_ || (getGoalPositionDistance(global_pose, goal_x, goal_y) <= xy_goal_tolera[] 
 []

[120]
Overfull \hbox (0.81398pt too wide) in paragraph at lines 4943--4943
[]            \TU/lmtt/m/n/8 if (!rotating_to_goal_ && !base_local_planner::stopped(base_odom, rot_stopped_velocity_, t[] 
 []

[121]
Overfull \hbox (0.81401pt too wide) in paragraph at lines 5005--5005
[]    \TU/lmtt/m/n/8 ROS_DEBUG_NAMED("trajectory_planner_ros", "A valid velocity command of (%.2f, %.2f, %.2f) was foun[] 
 []

[122]
Overfull \hbox (0.81398pt too wide) in paragraph at lines 5046--5046
[]        \TU/lmtt/m/n/8 double vx = sign(robot_vel.pose.position.x) * std::max(0.0, (fabs(robot_vel.pose.position.x) -[] 
 []


Overfull \hbox (0.81398pt too wide) in paragraph at lines 5046--5046
[]        \TU/lmtt/m/n/8 double vy = sign(robot_vel.pose.position.y) * std::max(0.0, (fabs(robot_vel.pose.position.y) -[] 
 []


Overfull \hbox (5.06197pt too wide) in paragraph at lines 5046--5046
[]        \TU/lmtt/m/n/8 bool valid_cmd = tc_->checkTrajectory(global_pose.pose.position.x, global_pose.pose.position.y,[] 
 []

[123] [124]
Overfull \hbox (0.81396pt too wide) in paragraph at lines 5121--5121
[]        \TU/lmtt/m/n/8 v_theta_samp = sign(v_theta_samp) * std::min(std::max(fabs(v_theta_samp), min_acc_vel), max_ac[] 
 []


Overfull \hbox (17.806pt too wide) in paragraph at lines 5121--5121
[]                             \TU/lmtt/m/n/8 : std::max(min_vel_th_, std::min(-1.0 * min_in_place_vel_th_, v_theta_samp));[] 
 []


Overfull \hbox (5.06197pt too wide) in paragraph at lines 5121--5121
[]        \TU/lmtt/m/n/8 bool valid_cmd = tc_->checkTrajectory(global_pose.pose.position.x, global_pose.pose.position.y,[] 
 []


Overfull \hbox (5.062pt too wide) in paragraph at lines 5121--5121
[]        \TU/lmtt/m/n/8 ROS_DEBUG("Moving to desired goal orientation, th cmd: %.2f, valid_cmd: %d", v_theta_samp, vali[] 
 []

[125] [126]
Overfull \hbox (9.30995pt too wide) in paragraph at lines 5202--5202
[]    \TU/lmtt/m/n/8 std::vector<base_local_planner::Position2DInt> footprint_list = footprint_helper_.getFootprintCells([] 
 []

[127]
Overfull \hbox (17.80606pt too wide) in paragraph at lines 5284--5284
[]    \TU/lmtt/m/n/8 // \TU/FandolFang-Regular(0)/m/n/8 根 据 预 设 的 线 速 度 与 角 速 度 的 采 样 数 ， 和 上 面 计 算 得 到 的 范 围 ， 分 别 计 算 出 速 度 的 采 样 间 隔 \TU/lmtt/m/n/8 ( \TU/FandolFang-Regular(0)/m/n/8 也 就 是 速 度 的 分 辨 率 \TU/lmtt/m/n/8 )[] 
 []

[128] [129] [130]
Overfull \hbox (0.81406pt too wide) in paragraph at lines 5408--5408
[]        \TU/lmtt/m/n/8 // \TU/FandolFang-Regular(0)/m/n/8 注 意 如 果 能 找 到 合 法 的 原 地 旋 转 \TU/lmtt/m/n/8 , \TU/FandolFang-Regular(0)/m/n/8 相 比 之 下 \TU/lmtt/m/n/8 , \TU/FandolFang-Regular(0)/m/n/8 我 们 就 不 希 望 选 择 以 \TU/lmtt/m/n/8 y \TU/FandolFang-Regular(0)/m/n/8 向 速 度 进 行 移 动 \TU/lmtt/m/n/8 , \TU/FandolFang-Regular(0)/m/n/8 而 是 选 择 进 行 原 地 旋 转 [] 
 []


Overfull \hbox (0.814pt too wide) in paragraph at lines 5408--5408
[]            \TU/lmtt/m/n/8 && (comp_traj->cost_ <= best_traj->cost_ || best_traj->cost_ < 0 || best_traj->yv_ != 0.0)[] 
 []


Overfull \hbox (15.32936pt too wide) in paragraph at lines 5413--5414
[]\TU/FandolSong-Regular(0)/m/n/10 这 个 计 算 得 到 的 相 当 于 机 器 人 原 地 旋 转 后  |“面 向”|  的 $\OML/cmm/m/it/10 cell$\TU/FandolSong-Regular(0)/m/n/10 ，|  它 和 机 器 人 的 距 离 是 $\OML/cmm/m/it/10 headin[]lookahead[]$\TU/FandolSong-Regular(0)/m/n/10 ，|
 []

[131] [132]
Overfull \hbox (0.81406pt too wide) in paragraph at lines 5534--5534
[]    \TU/lmtt/m/n/8 // \TU/FandolFang-Regular(0)/m/n/8 也 就 是 不 需 要 判 断 后 退 时 的 轨 迹 是 否 是 \TU/lmtt/m/n/8 best, \TU/FandolFang-Regular(0)/m/n/8 只 要 给 了 向 后 的 速 度 \TU/lmtt/m/n/8 , \TU/FandolFang-Regular(0)/m/n/8 那 么 默 认 就 是 \TU/lmtt/m/n/8 best( \TU/FandolFang-Regular(0)/m/n/8 因 为 都 是 不 得 已 才 给 的 \TU/lmtt/m/n/8 )[] 
 []

[133] [134]
Overfull \hbox (17.80597pt too wide) in paragraph at lines 5665--5665
[]        \TU/lmtt/m/n/8 occ_cost = std::max(std::max(occ_cost, footprint_cost), double(costmap_.getCost(cell_x, cell_y)));[] 
 []


Overfull \hbox (9.30998pt too wide) in paragraph at lines 5665--5665
[]        \TU/lmtt/m/n/8 if (simple_attractor_) {goal_dist = (x_i - global_plan_[global_plan_.size() -1].pose.position.x)[] 
 []


Overfull \hbox (9.31001pt too wide) in paragraph at lines 5665--5665
[]                                          \TU/lmtt/m/n/8 * (x_i - global_plan_[global_plan_.size() -1].pose.position.x)[] 
 []


Overfull \hbox (9.31001pt too wide) in paragraph at lines 5665--5665
[]                                          \TU/lmtt/m/n/8 + (y_i - global_plan_[global_plan_.size() -1].pose.position.y)[] 
 []


Overfull \hbox (13.55801pt too wide) in paragraph at lines 5665--5665
[]                                          \TU/lmtt/m/n/8 * (y_i - global_plan_[global_plan_.size() -1].pose.position.y);[] 
 []

[135]
Missing character: There is no ≥ (U+2265) in font [lmmono8-regular]:!
 [136] [137]
Overfull \hbox (0.814pt too wide) in paragraph at lines 5795--5795
[]            \TU/lmtt/m/n/8 ROS_DEBUG("Adjusted global plan resolution, added %zu points", adjusted_global_plan.size()[] 
 []

[138]
Overfull \hbox (9.31006pt too wide) in paragraph at lines 5795--5795
[]        \TU/lmtt/m/n/8 // \TU/FandolFang-Regular(0)/m/n/8 如 果 成 功 把 一 个 全 局 规 划 上 的 点 的 坐 标 转 换 到 地 图 坐 标 \TU/lmtt/m/n/8 (map_x,map_y) \TU/FandolFang-Regular(0)/m/n/8 上 \TU/lmtt/m/n/8 , \TU/FandolFang-Regular(0)/m/n/8 且 在 代 价 地 图 上 这 一 点 不 是 未 知 的 [] 
 []


Overfull \hbox (9.31001pt too wide) in paragraph at lines 5795--5795
[]        \TU/lmtt/m/n/8 if (costmap.worldToMap(g_x, g_y, map_x, map_y) && costmap.getCost(map_x, map_y) != costmap_2d::N[] 
 []


Overfull \hbox (9.31004pt too wide) in paragraph at lines 5795--5795
[]            \TU/lmtt/m/n/8 ROS_ERROR("None of the %d first of %zu (%zu) points of the global plan were in the local cos[] 
 []

[139]
Overfull \hbox (9.31001pt too wide) in paragraph at lines 5858--5858
[]        \TU/lmtt/m/n/8 if (costmap.worldToMap(g_x, g_y, map_x, map_y) && costmap.getCost(map_x, map_y) != costmap_2d::N[] 
 []


Overfull \hbox (9.31004pt too wide) in paragraph at lines 5858--5858
[]            \TU/lmtt/m/n/8 ROS_ERROR("None of the points of the global plan were in the local costmap, global plan poin[] 
 []

[140] [141] [142] [143] [144] [145] (./ROS_Notes.aux)
Package rerunfilecheck Info: File `ROS_Notes.out' has not changed.
(rerunfilecheck)             Checksum: 66151F4390A6D8290BA899A1CE8F73B9;19220.
 ) 
Here is how much of TeX's memory you used:
 14426 strings out of 476919
 313604 string characters out of 5815120
 673111 words of memory out of 5000000
 34114 multiletter control sequences out of 15000+600000
 419624 words of font info for 131 fonts, out of 8000000 for 9000
 1348 hyphenation exceptions out of 8191
 82i,16n,88p,431b,896s stack positions out of 5000i,500n,10000p,200000b,80000s

Output written on ROS_Notes.pdf (152 pages).
